[ 2017-09-18T14:51:21+08:00 ] 127.0.0.1 /index.php/pahl/Public/Admin/kindeditor-4.1.10/attached/media/20170206/20170206173419_91123.avi
INFO: [ app_init ] --START--
INFO: Run Behavior\BuildLiteBehavior [ RunTime:0.000000s ]
INFO: [ app_init ] --END-- [ RunTime:0.000000s ]
ERR: 无法加载模块:Pahl

[ 2017-09-18T14:51:21+08:00 ] 127.0.0.1 /index.php/pahl/Public/Admin/kindeditor-4.1.10/attached/media/20170206/20170206173158_80172.avi
INFO: [ app_init ] --START--
INFO: Run Behavior\BuildLiteBehavior [ RunTime:0.000000s ]
INFO: [ app_init ] --END-- [ RunTime:0.000000s ]
ERR: 无法加载模块:Pahl

[ 2017-09-18T14:51:21+08:00 ] 127.0.0.1 /index.php/pahl/Public/Admin/kindeditor-4.1.10/attached/media/20170206/20170206172948_10131.avi
INFO: [ app_init ] --START--
INFO: Run Behavior\BuildLiteBehavior [ RunTime:0.000000s ]
INFO: [ app_init ] --END-- [ RunTime:0.000000s ]
ERR: 无法加载模块:Pahl

[ 2017-09-18T14:51:21+08:00 ] 127.0.0.1 /index.php/pahl/Public/Admin/kindeditor-4.1.10/attached/media/20170206/20170206171506_11774.rm
INFO: [ app_init ] --START--
INFO: Run Behavior\BuildLiteBehavior [ RunTime:0.000000s ]
INFO: [ app_init ] --END-- [ RunTime:0.000000s ]
ERR: 无法加载模块:Pahl

[ 2017-09-18T14:51:21+08:00 ] 127.0.0.1 /index.php/pahl/Public/Admin/kindeditor-4.1.10/attached/media/20170206/20170206171316_51330.rm
INFO: [ app_init ] --START--
INFO: Run Behavior\BuildLiteBehavior [ RunTime:0.000000s ]
INFO: [ app_init ] --END-- [ RunTime:0.000000s ]
ERR: 无法加载模块:Pahl

[ 2017-09-18T14:51:28+08:00 ] 127.0.0.1 /index.php/ad,min
INFO: [ app_init ] --START--
INFO: Run Behavior\BuildLiteBehavior [ RunTime:0.000000s ]
INFO: [ app_init ] --END-- [ RunTime:0.001000s ]
ERR: 无法加载模块:Ad,min

