{"myFile":{"name":"APR2YWW[8ZX2C2PI)AAALEN.png","type":"image\/png","tmp_name":"D:\\wamp\\tmp\\php6.tmp","error":0,"size":1820}}
{"myFile":{"name":"APR2YWW[8ZX2C2PI)AAALEN.png","type":"image\/png","tmp_name":"D:\\wamp\\tmp\\php7.tmp","error":0,"size":1820}}
{"myFile":{"name":"IMG_20160920_173641.jpg","type":"image\/jpeg","tmp_name":"D:\\wamp\\tmp\\php8.tmp","error":0,"size":1224328}}
{"myFile":{"name":"IMG_20160928_114619.jpg","type":"","tmp_name":"","error":3,"size":0}}
{"myFile":{"name":"hdImg_78f28acea058734cecdcc7787410de8f1474331630766.jpg","type":"image\/jpeg","tmp_name":"D:\\wamp\\tmp\\phpA.tmp","error":0,"size":5666}}
{"myFile":{"name":"IMG_20160920_173641.jpg","type":"image\/jpeg","tmp_name":"D:\\wamp\\tmp\\php27.tmp","error":0,"size":1224328}}
{"myFile":{"name":"hdImg_78f28acea058734cecdcc7787410de8f1474331630766.jpg","type":"image\/jpeg","tmp_name":"D:\\wamp\\tmp\\php3C.tmp","error":0,"size":5666}}
{"myFile":{"name":"1.jpg.php","type":"application\/octet-stream","tmp_name":"D:\\wamp\\tmp\\php9.tmp","error":0,"size":2368}}
{"myFile":{"name":"IMG_0018.JPG","type":"image\/jpeg","tmp_name":"D:\\wamp\\tmp\\phpB.tmp","error":0,"size":1451309}}
{"myFile":{"name":"wx_camera_1489488470241.jpg","type":"image\/jpeg","tmp_name":"C:\\websoft\\php\\tmp\\phpE558.tmp","error":0,"size":193949}}
{"myFile":{"name":"IMG_20170324_142510.jpg","type":"image\/jpeg","tmp_name":"C:\\websoft\\php\\tmp\\phpDBA4.tmp","error":0,"size":2035078}}
{"myFile":{"name":"u=822042703,4084743940&fm=23&gp=0.jpg","type":"image\/jpeg","tmp_name":"C:\\websoft\\php\\tmp\\php248A.tmp","error":0,"size":11059}}
{"myFile":{"name":"u=822042703,4084743940&fm=23&gp=0.jpg","type":"image\/jpeg","tmp_name":"C:\\websoft\\php\\tmp\\php81A0.tmp","error":0,"size":11059}}
{"myFile":{"name":"u=822042703,4084743940&fm=23&gp=0.jpg","type":"image\/jpeg","tmp_name":"C:\\websoft\\php\\tmp\\php6C16.tmp","error":0,"size":11059}}
{"myFile":{"name":"u=822042703,4084743940&fm=23&gp=0.jpg","type":"image\/jpeg","tmp_name":"C:\\websoft\\php\\tmp\\php74C5.tmp","error":0,"size":11059}}
{"myFile":{"name":"20170210035046368.jpg","type":"image\/jpeg","tmp_name":"C:\\websoft\\php\\tmp\\php3DA5.tmp","error":0,"size":137989}}
{"myFile":{"name":"IMG_20170331_194249.jpg","type":"image\/jpeg","tmp_name":"C:\\websoft\\php\\tmp\\php7E68.tmp","error":0,"size":4642100}}
{"myFile":{"name":"image.jpeg","type":"image\/jpeg","tmp_name":"C:\\websoft\\php\\tmp\\php45D0.tmp","error":0,"size":774207}}
{"myFile":{"name":"image.jpeg","type":"image\/jpeg","tmp_name":"C:\\websoft\\php\\tmp\\phpDD9D.tmp","error":0,"size":774207}}
{"myFile":{"name":"2.jpg","type":"image\/jpeg","tmp_name":"C:\\websoft\\php\\tmp\\php1A69.tmp","error":0,"size":74668}}
{"myFile":{"name":"IMG_0425.JPG","type":"image\/jpeg","tmp_name":"C:\\websoft\\php\\tmp\\php4C8.tmp","error":0,"size":2297293}}
{"myFile":{"name":"IMG_0102.PNG","type":"image\/png","tmp_name":"C:\\websoft\\php\\tmp\\phpECD2.tmp","error":0,"size":296215}}
{"myFile":{"name":"IMG_0102.PNG","type":"image\/png","tmp_name":"C:\\websoft\\php\\tmp\\php31B8.tmp","error":0,"size":296215}}
{"myFile":{"name":"IMG_0421.PNG","type":"image\/png","tmp_name":"C:\\websoft\\php\\tmp\\phpF77C.tmp","error":0,"size":735880}}
